2026-04-20T12:33:31.538Z [INFO]: GET /user
2026-04-20T12:33:59.459Z [INFO]: GET /user
2026-04-20T12:34:04.134Z [INFO]: GET /
2026-04-20T12:34:09.484Z [INFO]: GET /login
2026-04-20T12:34:15.297Z [INFO]: POST /login
2026-04-20T12:37:03.616Z [INFO]: POST /login
2026-04-20T12:37:08.958Z [INFO]: POST /login
2026-04-20T12:37:09.015Z [INFO]: GET /user
2026-04-20T12:37:51.404Z [INFO]: GET /user
2026-04-20T12:37:56.290Z [INFO]: POST /login
2026-04-20T12:38:12.127Z [INFO]: POST /login
2026-04-20T12:38:16.934Z [INFO]: POST /login
2026-04-20T12:40:00.797Z [INFO]: GET /login
2026-04-20T12:40:00.968Z [INFO]: GET /login
2026-04-20T12:40:01.122Z [INFO]: GET /login
2026-04-20T12:40:04.009Z [INFO]: POST /login
2026-04-20T12:40:14.910Z [INFO]: POST /login
2026-04-20T12:40:14.968Z [INFO]: GET /user
2026-04-20T12:40:21.831Z [INFO]: POST /login
2026-04-20T12:40:25.790Z [INFO]: POST /login
2026-04-20T12:40:28.318Z [INFO]: POST /login
2026-04-20T12:40:30.646Z [INFO]: POST /login
2026-04-20T12:40:32.406Z [INFO]: POST /login
2026-04-20T12:40:35.798Z [INFO]: POST /login
2026-04-20T12:42:09.123Z [INFO]: GET /login
2026-04-20T12:42:11.586Z [INFO]: POST /login
2026-04-20T12:57:37.327Z [INFO]: POST /login
2026-04-20T12:57:37.389Z [INFO]: GET /user
2026-04-20T13:07:37.996Z [INFO]: GET /login
2026-04-20T13:07:45.750Z [INFO]: POST /login
2026-04-20T13:07:45.807Z [INFO]: GET /user
2026-04-20T13:15:00.939Z [INFO]: POST /login
2026-04-20T13:15:01.008Z [INFO]: GET /user
2026-04-20T13:15:02.646Z [INFO]: POST /logout
2026-04-20T13:18:27.322Z [INFO]: GET /user
2026-04-20T13:18:27.472Z [INFO]: GET /user
2026-04-20T13:18:27.599Z [INFO]: GET /user
2026-04-20T13:18:27.711Z [INFO]: GET /user
2026-04-20T13:18:29.101Z [INFO]: POST /logout
2026-04-20T13:19:20.650Z [INFO]: GET /user
2026-04-20T13:19:20.802Z [INFO]: GET /user
2026-04-20T13:19:21.081Z [INFO]: GET /user
2026-04-20T13:19:23.374Z [INFO]: POST /logout
2026-04-20T13:19:53.566Z [INFO]: GET /user
2026-04-20T13:19:55.022Z [INFO]: POST /logout
2026-04-20T13:20:36.477Z [INFO]: GET /user
2026-04-20T13:20:36.656Z [INFO]: GET /user
2026-04-20T13:20:37.661Z [INFO]: POST /logout
2026-04-20T13:21:52.811Z [INFO]: GET /user
2026-04-20T13:21:52.986Z [INFO]: GET /user
2026-04-20T13:21:53.702Z [INFO]: POST /user/logout
2026-04-20T13:21:53.709Z [INFO]: GET /login
